<?xml version="1.0" encoding="UTF-8"?>
<!-- Generated by org.testng.reporters.JUnitReportReporter -->
<testsuite hostname="gde_radyga" failures="0" tests="3" name="com.example.FactorialTest" time="0.015" errors="0" timestamp="2024-07-05T23:38:30 MSK" skipped="0">
  <testcase classname="com.example.FactorialTest" name="testFactorialPositive" time="0.000"/>
  <system-out/>
  <testcase classname="com.example.FactorialTest" name="testFactorialNegative" time="0.000"/>
  <system-out/>
  <testcase classname="com.example.FactorialTest" name="testFactorialZero" time="0.015"/>
  <system-out/>
</testsuite> <!-- com.example.FactorialTest -->
